<?xml version="1.0" encoding="UTF-8"?>
<!-- Generated by org.testng.reporters.JUnitReportReporter -->
<testsuite hostname="CBT-015" name="qsp.Demo1" tests="1" failures="0" timestamp="13 Aug 2016 12:41:24 GMT" time="167.172" errors="0">
  <testcase name="method1" time="167.172" classname="qsp.Demo1"/>
</testsuite> <!-- qsp.Demo1 -->
