<?xml version="1.0" encoding="UTF-8"?>
<!-- Generated by org.testng.reporters.JUnitReportReporter -->
<testsuite hostname="CBT-015" name="qsp.Demo1" tests="1" failures="0" timestamp="6 Aug 2016 09:35:40 GMT" time="16.778" errors="0">
  <testcase name="method1" time="16.778" classname="qsp.Demo1"/>
</testsuite> <!-- qsp.Demo1 -->
